0 info it worked if it ends with ok
1 verbose cli [ 'node', '/usr/local/bin/npm', 'install', 'ngrok', '-g' ]
2 info using npm@2.9.1
3 info using node@v0.12.3
4 verbose install initial load of /usr/local/lib/package.json
5 verbose readDependencies loading dependencies from /usr/local/lib/package.json
6 silly cache add args [ 'ngrok', null ]
7 verbose cache add spec ngrok
8 silly cache add parsed spec { raw: 'ngrok',
8 silly cache add   scope: null,
8 silly cache add   name: 'ngrok',
8 silly cache add   rawSpec: '',
8 silly cache add   spec: '*',
8 silly cache add   type: 'range' }
9 silly addNamed ngrok@*
10 verbose addNamed "*" is a valid semver range for ngrok
11 silly addNameRange { name: 'ngrok', range: '*', hasData: false }
12 silly mapToRegistry name ngrok
13 silly mapToRegistry using default registry
14 silly mapToRegistry registry https://registry.npmjs.org/
15 silly mapToRegistry uri https://registry.npmjs.org/ngrok
16 verbose addNameRange registry:https://registry.npmjs.org/ngrok not in flight; fetching
17 verbose request uri https://registry.npmjs.org/ngrok
18 verbose request no auth needed
19 info attempt registry request try #1 at 2:38:53 PM
20 verbose request id a034634b3e1bdca9
21 http request GET https://registry.npmjs.org/ngrok
22 http 200 https://registry.npmjs.org/ngrok
23 silly get cb [ 200,
23 silly get   { server: 'CouchDB/1.5.0 (Erlang OTP/R16B03)',
23 silly get     etag: '"239KW8MJ8IAU0TY6VOSPLD7D7"',
23 silly get     'content-type': 'application/json',
23 silly get     'cache-control': 'max-age=60',
23 silly get     'content-length': '22438',
23 silly get     'accept-ranges': 'bytes',
23 silly get     date: 'Sun, 14 Jun 2015 21:38:54 GMT',
23 silly get     via: '1.1 varnish',
23 silly get     age: '0',
23 silly get     connection: 'keep-alive',
23 silly get     'x-served-by': 'cache-sjc3127-SJC',
23 silly get     'x-cache': 'MISS',
23 silly get     'x-cache-hits': '0',
23 silly get     'x-timer': 'S1434317934.513588,VS0,VE398',
23 silly get     vary: 'Accept' } ]
24 verbose get saving ngrok to /Users/theresa/.npm/registry.npmjs.org/ngrok/.cache.json
25 silly addNameRange number 2 { name: 'ngrok', range: '*', hasData: true }
26 silly addNameRange versions [ 'ngrok',
26 silly addNameRange   [ '0.1.0',
26 silly addNameRange     '0.1.1',
26 silly addNameRange     '0.1.2',
26 silly addNameRange     '0.1.3',
26 silly addNameRange     '0.1.4',
26 silly addNameRange     '0.1.5',
26 silly addNameRange     '0.1.6',
26 silly addNameRange     '0.1.7',
26 silly addNameRange     '0.1.8',
26 silly addNameRange     '0.1.9',
26 silly addNameRange     '0.1.91',
26 silly addNameRange     '0.1.92',
26 silly addNameRange     '0.1.93',
26 silly addNameRange     '0.1.94',
26 silly addNameRange     '0.1.95',
26 silly addNameRange     '0.1.96',
26 silly addNameRange     '0.1.97',
26 silly addNameRange     '0.1.98',
26 silly addNameRange     '0.1.99' ] ]
27 silly addNamed ngrok@0.1.99
28 verbose addNamed "0.1.99" is a plain semver version for ngrok
29 silly mapToRegistry name ngrok
30 silly mapToRegistry using default registry
31 silly mapToRegistry registry https://registry.npmjs.org/
32 silly mapToRegistry uri https://registry.npmjs.org/ngrok
33 verbose addRemoteTarball https://registry.npmjs.org/ngrok/-/ngrok-0.1.99.tgz not in flight; adding
34 verbose addRemoteTarball [ 'https://registry.npmjs.org/ngrok/-/ngrok-0.1.99.tgz',
34 verbose addRemoteTarball   'b9fd7007bb4968a23fa90e0ea53e38fecab96435' ]
35 info retry fetch attempt 1 at 2:38:54 PM
36 info attempt registry request try #1 at 2:38:54 PM
37 http fetch GET https://registry.npmjs.org/ngrok/-/ngrok-0.1.99.tgz
38 http fetch 200 https://registry.npmjs.org/ngrok/-/ngrok-0.1.99.tgz
39 silly fetchAndShaCheck shasum b9fd7007bb4968a23fa90e0ea53e38fecab96435
40 verbose addTmpTarball /var/folders/0m/z_5d93jn5s5gtvqrvv9l4fvr0000gn/T/npm-61832-9ae65dde/registry.npmjs.org/ngrok/-/ngrok-0.1.99.tgz not in flight; adding
41 verbose addTmpTarball already have metadata; skipping unpack for ngrok@0.1.99
42 silly cache afterAdd ngrok@0.1.99
43 verbose afterAdd /Users/theresa/.npm/ngrok/0.1.99/package/package.json not in flight; writing
44 verbose afterAdd /Users/theresa/.npm/ngrok/0.1.99/package/package.json written
45 silly install resolved [ { name: 'ngrok',
45 silly install resolved     version: '0.1.99',
45 silly install resolved     description: 'node wrapper for ngrok',
45 silly install resolved     main: 'index.js',
45 silly install resolved     scripts:
45 silly install resolved      { test: 'node ./node_modules/mocha/bin/_mocha',
45 silly install resolved        postinstall: 'node ./postinstall.js',
45 silly install resolved        postupdate: 'node ./postinstall.js' },
45 silly install resolved     repository: { type: 'git', url: 'git://github.com/bubenshchykov/ngrok.git' },
45 silly install resolved     keywords: [ 'ngrok', 'localhost', 'tunneling', 'localtunnel', 'webhook' ],
45 silly install resolved     author: { name: 'bubenshchykov' },
45 silly install resolved     license: 'BSD-2-Clause',
45 silly install resolved     bugs: { url: 'https://github.com/bubenshchykov/ngrok/issues' },
45 silly install resolved     devDependencies: { mocha: '~1.14.0', chai: '~1.8.1', request: '~2.27.0' },
45 silly install resolved     dependencies: { 'decompress-zip': '0.1.0' },
45 silly install resolved     bin: { ngrok: './bin/ngrok' },
45 silly install resolved     homepage: 'https://github.com/bubenshchykov/ngrok',
45 silly install resolved     _id: 'ngrok@0.1.99',
45 silly install resolved     dist:
45 silly install resolved      { shasum: 'b9fd7007bb4968a23fa90e0ea53e38fecab96435',
45 silly install resolved        tarball: 'http://registry.npmjs.org/ngrok/-/ngrok-0.1.99.tgz' },
45 silly install resolved     _from: 'ngrok@*',
45 silly install resolved     _npmVersion: '1.4.3',
45 silly install resolved     _npmUser: { name: 'bubenshchykov', email: 'a.bubenshchykov@gmail.com' },
45 silly install resolved     maintainers: [ [Object] ],
45 silly install resolved     directories: {},
45 silly install resolved     _shasum: 'b9fd7007bb4968a23fa90e0ea53e38fecab96435',
45 silly install resolved     _resolved: 'https://registry.npmjs.org/ngrok/-/ngrok-0.1.99.tgz' } ]
46 info install ngrok@0.1.99 into /usr/local/lib
47 info installOne ngrok@0.1.99
48 verbose installOne of ngrok to /usr/local/lib not in flight; installing
49 verbose lock using /Users/theresa/.npm/_locks/ngrok-d1c70c9c77ebe6b2.lock for /usr/local/lib/node_modules/ngrok
50 silly install write writing ngrok 0.1.99 to /usr/local/lib/node_modules/ngrok
51 verbose unbuild lib/node_modules/ngrok
52 silly gentlyRm /usr/local/lib/node_modules/ngrok is being purged from base /usr/local
53 verbose gentlyRm don't care about contents; nuking /usr/local/lib/node_modules/ngrok
54 verbose tar unpack /Users/theresa/.npm/ngrok/0.1.99/package.tgz
55 verbose tar unpacking to /usr/local/lib/node_modules/ngrok
56 silly gentlyRm /usr/local/lib/node_modules/ngrok is being purged
57 verbose gentlyRm don't care about contents; nuking /usr/local/lib/node_modules/ngrok
58 silly gunzTarPerm modes [ '755', '644' ]
59 error tar.unpack untar error /Users/theresa/.npm/ngrok/0.1.99/package.tgz
60 verbose unlock done using /Users/theresa/.npm/_locks/ngrok-d1c70c9c77ebe6b2.lock for /usr/local/lib/node_modules/ngrok
61 verbose fstream_path /usr/local/lib/node_modules/ngrok
62 verbose fstream_type Directory
63 verbose fstream_class DirWriter
64 verbose stack Error: EACCES, mkdir '/usr/local/lib/node_modules/ngrok'
64 verbose stack     at Error (native)
65 verbose fstream_stack /usr/local/lib/node_modules/npm/node_modules/fstream/lib/dir-writer.js:36:23
65 verbose fstream_stack /usr/local/lib/node_modules/npm/node_modules/mkdirp/index.js:46:53
65 verbose fstream_stack FSReqWrap.oncomplete (fs.js:95:15)
66 verbose cwd /Applications/XAMPP/xamppfiles/htdocs/kwendell.github.io
67 error Darwin 13.4.0
68 error argv "node" "/usr/local/bin/npm" "install" "ngrok" "-g"
69 error node v0.12.3
70 error npm  v2.9.1
71 error path /usr/local/lib/node_modules/ngrok
72 error code EACCES
73 error errno -13
74 error Error: EACCES, mkdir '/usr/local/lib/node_modules/ngrok'
74 error     at Error (native)
74 error  { [Error: EACCES, mkdir '/usr/local/lib/node_modules/ngrok']
74 error   errno: -13,
74 error   code: 'EACCES',
74 error   path: '/usr/local/lib/node_modules/ngrok',
74 error   fstream_type: 'Directory',
74 error   fstream_path: '/usr/local/lib/node_modules/ngrok',
74 error   fstream_class: 'DirWriter',
74 error   fstream_stack:
74 error    [ '/usr/local/lib/node_modules/npm/node_modules/fstream/lib/dir-writer.js:36:23',
74 error      '/usr/local/lib/node_modules/npm/node_modules/mkdirp/index.js:46:53',
74 error      'FSReqWrap.oncomplete (fs.js:95:15)' ] }
75 error Please try running this command again as root/Administrator.
76 verbose exit [ -13, true ]
77 verbose unbuild lib/node_modules/ngrok
78 silly gentlyRm /usr/local/lib/node_modules/ngrok is being purged from base /usr/local
79 verbose gentlyRm don't care about contents; nuking /usr/local/lib/node_modules/ngrok
